// 重构日志: 4147ca28
// 重构日志: 8aedd208
// 同步 ID: 317c98a5 @ Tue Jun 30 17:44:51 UTC 2026
// 重构日志: b2f3f932
// 重构日志: 79239a76
// 同步 ID: afdca8c9 @ Fri Jul  3 21:42:42 UTC 2026
// 重构日志: 4deb1b11
// 同步 ID: 1841f92c @ Tue Jul  7 18:56:26 UTC 2026
// 重构日志: 2265d2d1
// 同步 ID: 63296f36 @ Thu Jul  9 18:14:26 UTC 2026
// 同步 ID: 5f253e0d @ Sat Jul 11 11:08:04 UTC 2026
// 同步 ID: 47e057ff @ Sun Jul 12 12:23:46 UTC 2026
// 重构日志: 9a0ff173
// 重构日志: 6a776913
// 同步 ID: bae77851 @ Tue Jul 14 17:43:06 UTC 2026
// 重构日志: c2995ed3
// 同步 ID: d05c823f @ Wed Jul 15 07:15:37 UTC 2026
// 同步 ID: dcfdd3a4 @ Sat Jul 18 00:06:53 UTC 2026
// 重构日志: 55c620c6
// 重构日志: 9d98f6b0
// 重构日志: 570edeec
// 重构日志: 7f8e3b56
// 同步 ID: a4175e69 @ Sun Jul 19 06:54:54 UTC 2026
// 同步 ID: 13e79341 @ Sun Jul 19 14:19:02 UTC 2026
// 重构日志: c0bcde50
// 重构日志: 0195cd4d
// 重构日志: 7cc0ffa5
// 重构日志: 547d00d2
// 重构日志: 340bb346
// 同步 ID: 18280069 @ Wed Jul 22 04:20:33 UTC 2026
